This is pdfTeX, Version 3.1415926-2.5-1.40.14 (MiKTeX 2.9) (preloaded format=pdflatex 2014.11.19)  26 NOV 2014 04:06
entering extended mode
**C:/Users/KevinD/Documents/GitHub/blinkylights/doc/user_doc/user_doc.tex
(C:/Users/KevinD/Documents/GitHub/blinkylights/doc/user_doc/user_doc.tex
LaTeX2e <2011/06/27>
Babel <v3.8m> and hyphenation patterns for english, afrikaans, ancientgreek, ar
abic, armenian, assamese, basque, bengali, bokmal, bulgarian, catalan, coptic, 
croatian, czech, danish, dutch, esperanto, estonian, farsi, finnish, french, ga
lician, german, german-x-2013-05-26, greek, gujarati, hindi, hungarian, iceland
ic, indonesian, interlingua, irish, italian, kannada, kurmanji, latin, latvian,
 lithuanian, malayalam, marathi, mongolian, mongolianlmc, monogreek, ngerman, n
german-x-2013-05-26, nynorsk, oriya, panjabi, pinyin, polish, portuguese, roman
ian, russian, sanskrit, serbian, slovak, slovenian, spanish, swedish, swissgerm
an, tamil, telugu, turkish, turkmen, ukenglish, ukrainian, uppersorbian, usengl
ishmax, welsh, loaded.
("C:\Program Files (x86)\MiKTeX 2.9\tex\latex\base\article.cls"

LaTeX Warning: You have requested document class ` article',
               but the document class provides `article'.

Document Class: article 2007/10/19 v1.4h Standard LaTeX document class
("C:\Program Files (x86)\MiKTeX 2.9\tex\latex\base\size12.clo"
File: size12.clo 2007/10/19 v1.4h Standard LaTeX file (size option)
)
\c@part=\count79
\c@section=\count80
\c@subsection=\count81
\c@subsubsection=\count82
\c@paragraph=\count83
\c@subparagraph=\count84
\c@figure=\count85
\c@table=\count86
\abovecaptionskip=\skip41
\belowcaptionskip=\skip42
\bibindent=\dimen102
)
("C:\Program Files (x86)\MiKTeX 2.9\tex\latex\graphics\graphicx.sty"
Package: graphicx 1999/02/16 v1.0f Enhanced LaTeX Graphics (DPC,SPQR)

("C:\Program Files (x86)\MiKTeX 2.9\tex\latex\graphics\keyval.sty"
Package: keyval 1999/03/16 v1.13 key=value parser (DPC)
\KV@toks@=\toks14
)
("C:\Program Files (x86)\MiKTeX 2.9\tex\latex\graphics\graphics.sty"
Package: graphics 2009/02/05 v1.0o Standard LaTeX Graphics (DPC,SPQR)

("C:\Program Files (x86)\MiKTeX 2.9\tex\latex\graphics\trig.sty"
Package: trig 1999/03/16 v1.09 sin cos tan (DPC)
)
("C:\Program Files (x86)\MiKTeX 2.9\tex\latex\00miktex\graphics.cfg"
File: graphics.cfg 2007/01/18 v1.5 graphics configuration of teTeX/TeXLive
)
Package graphics Info: Driver file: pdftex.def on input line 91.

("C:\Program Files (x86)\MiKTeX 2.9\tex\latex\pdftex-def\pdftex.def"
File: pdftex.def 2011/05/27 v0.06d Graphics/color for pdfTeX

("C:\Program Files (x86)\MiKTeX 2.9\tex\generic\oberdiek\infwarerr.sty"
Package: infwarerr 2010/04/08 v1.3 Providing info/warning/error messages (HO)
)
("C:\Program Files (x86)\MiKTeX 2.9\tex\generic\oberdiek\ltxcmds.sty"
Package: ltxcmds 2011/11/09 v1.22 LaTeX kernel commands for general use (HO)
)
\Gread@gobject=\count87
))
\Gin@req@height=\dimen103
\Gin@req@width=\dimen104
)
(C:\Users\KevinD\Documents\GitHub\blinkylights\doc\user_doc\user_doc.aux)
LaTeX Font Info:    Checking defaults for OML/cmm/m/it on input line 17.
LaTeX Font Info:    ... okay on input line 17.
LaTeX Font Info:    Checking defaults for T1/cmr/m/n on input line 17.
LaTeX Font Info:    ... okay on input line 17.
LaTeX Font Info:    Checking defaults for OT1/cmr/m/n on input line 17.
LaTeX Font Info:    ... okay on input line 17.
LaTeX Font Info:    Checking defaults for OMS/cmsy/m/n on input line 17.
LaTeX Font Info:    ... okay on input line 17.
LaTeX Font Info:    Checking defaults for OMX/cmex/m/n on input line 17.
LaTeX Font Info:    ... okay on input line 17.
LaTeX Font Info:    Checking defaults for U/cmr/m/n on input line 17.
LaTeX Font Info:    ... okay on input line 17.

("C:\Program Files (x86)\MiKTeX 2.9\tex\context\base\supp-pdf.mkii"
[Loading MPS to PDF converter (version 2006.09.02).]
\scratchcounter=\count88
\scratchdimen=\dimen105
\scratchbox=\box26
\nofMPsegments=\count89
\nofMParguments=\count90
\everyMPshowfont=\toks15
\MPscratchCnt=\count91
\MPscratchDim=\dimen106
\MPnumerator=\count92
\makeMPintoPDFobject=\count93
\everyMPtoPDFconversion=\toks16
)
LaTeX Font Info:    External font `cmex10' loaded for size
(Font)              <14.4> on input line 20.
LaTeX Font Info:    External font `cmex10' loaded for size
(Font)              <7> on input line 20.

<C:/Users/KevinD/Documents/GitHub/blinkylights/doc/user_doc/b.PNG, id=1, 240.9p
t x 316.93407pt>
File: C:/Users/KevinD/Documents/GitHub/blinkylights/doc/user_doc/b.PNG Graphic 
file (type png)

<use C:/Users/KevinD/Documents/GitHub/blinkylights/doc/user_doc/b.PNG>
Package pdftex.def Info: C:/Users/KevinD/Documents/GitHub/blinkylights/doc/user
_doc/b.PNG used on input line 34.
(pdftex.def)             Requested size: 240.8994pt x 316.93329pt.

(C:\Users\KevinD\Documents\GitHub\blinkylights\doc\user_doc\user_doc.toc
LaTeX Font Info:    External font `cmex10' loaded for size
(Font)              <12> on input line 6.
LaTeX Font Info:    External font `cmex10' loaded for size
(Font)              <8> on input line 6.
LaTeX Font Info:    External font `cmex10' loaded for size
(Font)              <6> on input line 6.
)
\tf@toc=\write3

[1

{C:/ProgramData/MiKTeX/2.9/pdftex/config/pdftex.map} <C:/Users/KevinD/Documents
/GitHub/blinkylights/doc/user_doc/b.PNG>]
Underfull \hbox (badness 10000) in paragraph at lines 59--61

 []


Underfull \hbox (badness 10000) in paragraph at lines 59--61

 []


Underfull \hbox (badness 10000) in paragraph at lines 62--66

 []

[2]
Underfull \hbox (badness 10000) in paragraph at lines 95--103

 []


Underfull \hbox (badness 10000) in paragraph at lines 95--103

 []


Underfull \hbox (badness 10000) in paragraph at lines 95--103

 []

[3]
<C:/Users/KevinD/Documents/GitHub/blinkylights/doc/user_doc/bluetooth.PNG, id=1
7, 256.96pt x 256.96pt>
File: C:/Users/KevinD/Documents/GitHub/blinkylights/doc/user_doc/bluetooth.PNG 
Graphic file (type png)

<use C:/Users/KevinD/Documents/GitHub/blinkylights/doc/user_doc/bluetooth.PNG>
Package pdftex.def Info: C:/Users/KevinD/Documents/GitHub/blinkylights/doc/user
_doc/bluetooth.PNG used on input line 116.
(pdftex.def)             Requested size: 192.71951pt x 192.71951pt.

Underfull \hbox (badness 10000) in paragraph at lines 120--125

 []


Underfull \hbox (badness 10000) in paragraph at lines 120--125

 []


Underfull \hbox (badness 10000) in paragraph at lines 120--125

 []


Underfull \hbox (badness 10000) in paragraph at lines 131--134

 []


Underfull \hbox (badness 10000) in paragraph at lines 131--134

 []

[4 <C:/Users/KevinD/Documents/GitHub/blinkylights/doc/user_doc/bluetooth.PNG>]
<C:/Users/KevinD/Documents/GitHub/blinkylights/doc/user_doc/a_labels.PNG, id=22
, 493.845pt x 389.95688pt>
File: C:/Users/KevinD/Documents/GitHub/blinkylights/doc/user_doc/a_labels.PNG G
raphic file (type png)

<use C:/Users/KevinD/Documents/GitHub/blinkylights/doc/user_doc/a_labels.PNG>
Package pdftex.def Info: C:/Users/KevinD/Documents/GitHub/blinkylights/doc/user
_doc/a_labels.PNG used on input line 152.
(pdftex.def)             Requested size: 395.07652pt x 311.96591pt.

Underfull \hbox (badness 10000) in paragraph at lines 156--171

 []


Underfull \hbox (badness 10000) in paragraph at lines 156--171

 []


Underfull \hbox (badness 10000) in paragraph at lines 156--171

 []


Underfull \hbox (badness 10000) in paragraph at lines 156--171

 []


Underfull \hbox (badness 10000) in paragraph at lines 156--171

 []


Underfull \hbox (badness 10000) in paragraph at lines 156--171

 []


Underfull \hbox (badness 10000) in paragraph at lines 156--171

 []

[5 <C:/Users/KevinD/Documents/GitHub/blinkylights/doc/user_doc/a_labels.PNG>]
<C:/Users/KevinD/Documents/GitHub/blinkylights/doc/user_doc/a_1.PNG, id=28, 493
.845pt x 389.95688pt>
File: C:/Users/KevinD/Documents/GitHub/blinkylights/doc/user_doc/a_1.PNG Graphi
c file (type png)

<use C:/Users/KevinD/Documents/GitHub/blinkylights/doc/user_doc/a_1.PNG>
Package pdftex.def Info: C:/Users/KevinD/Documents/GitHub/blinkylights/doc/user
_doc/a_1.PNG used on input line 186.
(pdftex.def)             Requested size: 320.99544pt x 253.46896pt.

<C:/Users/KevinD/Documents/GitHub/blinkylights/doc/user_doc/a_2.PNG, id=29, 493
.845pt x 389.95688pt>
File: C:/Users/KevinD/Documents/GitHub/blinkylights/doc/user_doc/a_2.PNG Graphi
c file (type png)

<use C:/Users/KevinD/Documents/GitHub/blinkylights/doc/user_doc/a_2.PNG>
Package pdftex.def Info: C:/Users/KevinD/Documents/GitHub/blinkylights/doc/user
_doc/a_2.PNG used on input line 194.
(pdftex.def)             Requested size: 320.99544pt x 253.46896pt.

[6 <C:/Users/KevinD/Documents/GitHub/blinkylights/doc/user_doc/a_1.PNG> <C:/Use
rs/KevinD/Documents/GitHub/blinkylights/doc/user_doc/a_2.PNG>]
<C:/Users/KevinD/Documents/GitHub/blinkylights/doc/user_doc/a_3.PNG, id=35, 493
.845pt x 389.95688pt>
File: C:/Users/KevinD/Documents/GitHub/blinkylights/doc/user_doc/a_3.PNG Graphi
c file (type png)

<use C:/Users/KevinD/Documents/GitHub/blinkylights/doc/user_doc/a_3.PNG>
Package pdftex.def Info: C:/Users/KevinD/Documents/GitHub/blinkylights/doc/user
_doc/a_3.PNG used on input line 206.
(pdftex.def)             Requested size: 320.99544pt x 253.46896pt.

[7 <C:/Users/KevinD/Documents/GitHub/blinkylights/doc/user_doc/a_3.PNG>]
<C:/Users/KevinD/Documents/GitHub/blinkylights/doc/user_doc/c_1.PNG, id=40, 493
.845pt x 389.95688pt>
File: C:/Users/KevinD/Documents/GitHub/blinkylights/doc/user_doc/c_1.PNG Graphi
c file (type png)

<use C:/Users/KevinD/Documents/GitHub/blinkylights/doc/user_doc/c_1.PNG>
Package pdftex.def Info: C:/Users/KevinD/Documents/GitHub/blinkylights/doc/user
_doc/c_1.PNG used on input line 223.
(pdftex.def)             Requested size: 320.99544pt x 253.46896pt.

<C:/Users/KevinD/Documents/GitHub/blinkylights/doc/user_doc/c_2.PNG, id=41, 493
.845pt x 389.95688pt>
File: C:/Users/KevinD/Documents/GitHub/blinkylights/doc/user_doc/c_2.PNG Graphi
c file (type png)

<use C:/Users/KevinD/Documents/GitHub/blinkylights/doc/user_doc/c_2.PNG>
Package pdftex.def Info: C:/Users/KevinD/Documents/GitHub/blinkylights/doc/user
_doc/c_2.PNG used on input line 230.
(pdftex.def)             Requested size: 320.99544pt x 253.46896pt.

[8 <C:/Users/KevinD/Documents/GitHub/blinkylights/doc/user_doc/c_1.PNG> <C:/Use
rs/KevinD/Documents/GitHub/blinkylights/doc/user_doc/c_2.PNG>]
(C:\Users\KevinD\Documents\GitHub\blinkylights\doc\user_doc\user_doc.aux) ) 
Here is how much of TeX's memory you used:
 1177 strings out of 493921
 17700 string characters out of 3144872
 65014 words of memory out of 3000000
 4501 multiletter control sequences out of 15000+200000
 9155 words of font info for 32 fonts, out of 3000000 for 9000
 841 hyphenation exceptions out of 8191
 27i,6n,21p,352b,187s stack positions out of 5000i,500n,10000p,200000b,50000s
<C:/
Program Files (x86)/MiKTeX 2.9/fonts/type1/public/amsfonts/cm/cmbx12.pfb><C:/Pr
ogram Files (x86)/MiKTeX 2.9/fonts/type1/public/amsfonts/cm/cmr12.pfb><C:/Progr
am Files (x86)/MiKTeX 2.9/fonts/type1/public/amsfonts/cm/cmr17.pfb><C:/Program 
Files (x86)/MiKTeX 2.9/fonts/type1/public/amsfonts/cm/cmti12.pfb>
Output written on user_doc.pdf (8 pages, 1053397 bytes).
PDF statistics:
 59 PDF objects out of 1000 (max. 8388607)
 0 named destinations out of 1000 (max. 500000)
 41 words of extra memory for PDF output out of 10000 (max. 10000000)

